<?xml version="1.0" encoding="UTF-8"?>
<!-- Generated by org.testng.reporters.JUnitXMLReporter -->
<testsuite ignored="7" hostname="LTIN217764" failures="0" tests="0" time="0.05" errors="0" timestamp="2024-02-07T12:28:37 IST">
  <testcase classname="testCases.TC_04" name="test_ForCorporatesPage" time="0.0">
    <ignored/>
  </testcase> <!-- test_ForCorporatesPage -->
  <testcase classname="testCases.TC_05" name="test_Screenshot" time="0.0">
    <ignored/>
  </testcase> <!-- test_Screenshot -->
  <testcase classname="testCases.TC_01" name="test_HomePage" time="0.0">
    <ignored/>
  </testcase> <!-- test_HomePage -->
  <testcase classname="testCases.TC_06" name="test_ForCorporateNegative" time="0.0">
    <ignored/>
  </testcase> <!-- test_ForCorporateNegative -->
  <testcase classname="testCases.TC_04" name="test_ValidationPositive" time="0.0">
    <ignored/>
  </testcase> <!-- test_ValidationPositive -->
  <testcase classname="testCases.TC_02" name="test_DoctorsPage" time="0.0">
    <ignored/>
  </testcase> <!-- test_DoctorsPage -->
  <testcase classname="testCases.TC_03" name="test_SurgeriesPage" time="0.0">
    <ignored/>
  </testcase> <!-- test_SurgeriesPage -->
</testsuite>
