<?xml version="1.0" encoding="UTF-8"?>
<!-- Generated by org.testng.reporters.JUnitXMLReporter -->
<testsuite ignored="10" hostname="LTIN217764" failures="0" tests="10" name="Test" time="338.503" errors="0" timestamp="2024-02-12T13:31:18 IST">
  <testcase classname="testCases.TC_01" name="test_HomePage" time="95.634"/>
  <testcase classname="testCases.TC_02" name="test_DoctorsPage" time="31.027"/>
  <testcase classname="testCases.TC_03" name="test_ClickSurgeriesPage" time="11.376"/>
  <testcase classname="testCases.TC_03" name="test_SurgeriesPage" time="14.852"/>
  <testcase classname="testCases.TC_04" name="test_ForCorporatesPage" time="35.036"/>
  <testcase classname="testCases.TC_04" name="test_sendPositiveValues" time="18.747"/>
  <testcase classname="testCases.TC_04" name="test_ValidationPositive" time="20.087"/>
  <testcase classname="testCases.TC_05" name="test_Screenshot" time="16.031"/>
  <testcase classname="testCases.TC_06" name="test_clickForCorporates" time="34.626"/>
  <testcase classname="testCases.TC_06" name="test_sendNegativeValues" time="8.332"/>
  <testcase classname="testBase.BaseClass" name="@BeforeTest setup" time="0.0">
    <ignored/>
  </testcase> <!-- @BeforeTest setup -->
  <testcase classname="testBase.BaseClass" name="@BeforeTest setup" time="0.0">
    <ignored/>
  </testcase> <!-- @BeforeTest setup -->
  <testcase classname="testBase.BaseClass" name="@AfterTest teardown" time="0.0">
    <ignored/>
  </testcase> <!-- @AfterTest teardown -->
  <testcase classname="testBase.BaseClass" name="@AfterTest teardown" time="0.0">
    <ignored/>
  </testcase> <!-- @AfterTest teardown -->
  <testcase classname="testBase.BaseClass" name="@AfterTest teardown" time="0.0">
    <ignored/>
  </testcase> <!-- @AfterTest teardown -->
  <testcase classname="testBase.BaseClass" name="@BeforeTest setup" time="0.0">
    <ignored/>
  </testcase> <!-- @BeforeTest setup -->
  <testcase classname="testBase.BaseClass" name="@AfterTest teardown" time="0.0">
    <ignored/>
  </testcase> <!-- @AfterTest teardown -->
  <testcase classname="testBase.BaseClass" name="@AfterTest teardown" time="0.0">
    <ignored/>
  </testcase> <!-- @AfterTest teardown -->
  <testcase classname="testBase.BaseClass" name="@BeforeTest setup" time="0.0">
    <ignored/>
  </testcase> <!-- @BeforeTest setup -->
  <testcase classname="testBase.BaseClass" name="@BeforeTest setup" time="0.0">
    <ignored/>
  </testcase> <!-- @BeforeTest setup -->
</testsuite> <!-- Test -->
