<?xml version="1.0" encoding="UTF-8"?>
<!-- Generated by org.testng.reporters.JUnitXMLReporter -->
<testsuite ignored="10" hostname="LTIN217764" failures="0" tests="10" name="Test" time="286.256" errors="0" timestamp="2024-02-12T14:47:00 IST">
  <testcase classname="testCases.TC_01" name="test_HomePage" time="97.069"/>
  <testcase classname="testCases.TC_02" name="test_DoctorsPage" time="27.675"/>
  <testcase classname="testCases.TC_03" name="test_ClickSurgeriesPage" time="3.604"/>
  <testcase classname="testCases.TC_03" name="test_SurgeriesPage" time="5.056"/>
  <testcase classname="testCases.TC_04" name="test_ForCorporatesPage" time="33.581"/>
  <testcase classname="testCases.TC_04" name="test_sendPositiveValues" time="17.577"/>
  <testcase classname="testCases.TC_04" name="test_ValidationPositive" time="13.813"/>
  <testcase classname="testCases.TC_05" name="test_Screenshot" time="2.403"/>
  <testcase classname="testCases.TC_06" name="test_clickForCorporates" time="33.45"/>
  <testcase classname="testCases.TC_06" name="test_sendNegativeValues" time="7.474"/>
  <testcase classname="testBase.BaseClass" name="@BeforeTest setup" time="0.0">
    <ignored/>
  </testcase> <!-- @BeforeTest setup -->
  <testcase classname="testBase.BaseClass" name="@BeforeTest setup" time="0.0">
    <ignored/>
  </testcase> <!-- @BeforeTest setup -->
  <testcase classname="testBase.BaseClass" name="@AfterTest teardown" time="0.0">
    <ignored/>
  </testcase> <!-- @AfterTest teardown -->
  <testcase classname="testBase.BaseClass" name="@AfterTest teardown" time="0.0">
    <ignored/>
  </testcase> <!-- @AfterTest teardown -->
  <testcase classname="testBase.BaseClass" name="@AfterTest teardown" time="0.0">
    <ignored/>
  </testcase> <!-- @AfterTest teardown -->
  <testcase classname="testBase.BaseClass" name="@BeforeTest setup" time="0.0">
    <ignored/>
  </testcase> <!-- @BeforeTest setup -->
  <testcase classname="testBase.BaseClass" name="@AfterTest teardown" time="0.0">
    <ignored/>
  </testcase> <!-- @AfterTest teardown -->
  <testcase classname="testBase.BaseClass" name="@AfterTest teardown" time="0.0">
    <ignored/>
  </testcase> <!-- @AfterTest teardown -->
  <testcase classname="testBase.BaseClass" name="@BeforeTest setup" time="0.0">
    <ignored/>
  </testcase> <!-- @BeforeTest setup -->
  <testcase classname="testBase.BaseClass" name="@BeforeTest setup" time="0.0">
    <ignored/>
  </testcase> <!-- @BeforeTest setup -->
</testsuite> <!-- Test -->
